mode: set
backend/services/register/handler/health.go:14.108,17.2 2 0
backend/services/register/handler/health.go:19.109,21.2 1 0
backend/services/register/handler/register.go:20.60,20.108 1 1
backend/services/register/handler/register.go:22.107,25.16 3 0
backend/services/register/handler/register.go:25.16,27.3 1 0
backend/services/register/handler/register.go:30.2,36.16 3 0
backend/services/register/handler/register.go:36.16,38.3 1 0
backend/services/register/handler/register.go:39.2,42.18 3 0
backend/services/register/handler/register.go:42.18,44.3 1 0
backend/services/register/handler/register.go:47.2,48.16 2 0
backend/services/register/handler/register.go:48.16,51.3 2 0
backend/services/register/handler/register.go:54.2,57.12 3 0
